[33mwarn[39m:    --minUptime not set. Defaulting to: 1000ms
[33mwarn[39m:    --spinSleepTime not set. Your script will exit if it does not stay up for at least 1000ms
[32minfo[39m:    Forever processing file: [90m/home/zwebnode/nodejs/radio-server/app.js[39m
[32minfo[39m:    Forever stopped process:
[90mdata[39m:    [37m   [39m [37muid[39m  [90mcommand[39m       [90mscript[39m                                    [37mforever[39m [37mpid[39m   [35mlogfile[39m                          [33muptime[39m       
[0] IEFY [90m/usr/bin/node[39m [90m/home/zwebnode/nodejs/radio-server/app.js[39m 16334   16336 [35m/home/zwebnode/.forever/IEFY.log[39m [33m0:0:0:24.501[39m 
[33mwarn[39m:    --minUptime not set. Defaulting to: 1000ms
[33mwarn[39m:    --spinSleepTime not set. Your script will exit if it does not stay up for at least 1000ms
[32minfo[39m:    Forever processing file: [90m/home/zwebnode/nodejs/radio-server/app.js[39m
[32minfo[39m:    Forever stopped process:
[90mdata[39m:    [37m   [39m [37muid[39m  [90mcommand[39m       [90mscript[39m                                    [37mforever[39m [37mpid[39m   [35mlogfile[39m                          [33muptime[39m       
[0] SgAC [90m/usr/bin/node[39m [90m/home/zwebnode/nodejs/radio-server/app.js[39m 16507   16509 [35m/home/zwebnode/.forever/SgAC.log[39m [33m0:0:1:30.242[39m 
[33mwarn[39m:    --minUptime not set. Defaulting to: 1000ms
[33mwarn[39m:    --spinSleepTime not set. Your script will exit if it does not stay up for at least 1000ms
[32minfo[39m:    Forever processing file: [90m/home/zwebnode/nodejs/radio-server/app.js[39m
[32minfo[39m:    Forever stopped process:
[90mdata[39m:    [37m   [39m [37muid[39m  [90mcommand[39m       [90mscript[39m                                    [37mforever[39m [37mpid[39m   [35mlogfile[39m                          [33muptime[39m      
[0] tZeq [90m/usr/bin/node[39m [90m/home/zwebnode/nodejs/radio-server/app.js[39m 16661   16663 [35m/home/zwebnode/.forever/tZeq.log[39m [33m0:0:0:7.502[39m 
[33mwarn[39m:    --minUptime not set. Defaulting to: 1000ms
[33mwarn[39m:    --spinSleepTime not set. Your script will exit if it does not stay up for at least 1000ms
[32minfo[39m:    Forever processing file: [90m/home/zwebnode/nodejs/radio-server/app.js[39m
[32minfo[39m:    Forever stopped process:
[90mdata[39m:    [37m   [39m [37muid[39m  [90mcommand[39m       [90mscript[39m                                    [37mforever[39m [37mpid[39m   [35mlogfile[39m                          [33muptime[39m       
[0] BYGs [90m/usr/bin/node[39m [90m/home/zwebnode/nodejs/radio-server/app.js[39m 16711   16713 [35m/home/zwebnode/.forever/BYGs.log[39m [33m0:0:0:33.763[39m 
[33mwarn[39m:    --minUptime not set. Defaulting to: 1000ms
[33mwarn[39m:    --spinSleepTime not set. Your script will exit if it does not stay up for at least 1000ms
[32minfo[39m:    Forever processing file: [90m/home/zwebnode/nodejs/radio-server/app.js[39m
[32minfo[39m:    Forever stopped process:
[90mdata[39m:    [37m   [39m [37muid[39m  [90mcommand[39m       [90mscript[39m                                    [37mforever[39m [37mpid[39m   [35mlogfile[39m                          [33muptime[39m        
[0] Bb78 [90m/usr/bin/node[39m [90m/home/zwebnode/nodejs/radio-server/app.js[39m 16810   16812 [35m/home/zwebnode/.forever/Bb78.log[39m [33m0:22:20:53.39[39m 
[33mwarn[39m:    --minUptime not set. Defaulting to: 1000ms
[33mwarn[39m:    --spinSleepTime not set. Your script will exit if it does not stay up for at least 1000ms
[32minfo[39m:    Forever processing file: [90m/home/zwebnode/nodejs/radio-server/app.js[39m
[33mwarn[39m:    --minUptime not set. Defaulting to: 1000ms
[33mwarn[39m:    --spinSleepTime not set. Your script will exit if it does not stay up for at least 1000ms
[32minfo[39m:    Forever processing file: [90m/home/zwebnode/nodejs/radio-server/app.js[39m
[32minfo[39m:    Forever stopped process:
[90mdata[39m:    [37m   [39m [37muid[39m  [90mcommand[39m       [90mscript[39m                                    [37mforever[39m [37mpid[39m  [35mlogfile[39m                          [33muptime[39m        
[0] gP1T [90m/usr/bin/node[39m [90m/home/zwebnode/nodejs/radio-server/app.js[39m 5467    5469 [35m/home/zwebnode/.forever/gP1T.log[39m [33m0:0:34:18.403[39m 
[33mwarn[39m:    --minUptime not set. Defaulting to: 1000ms
[33mwarn[39m:    --spinSleepTime not set. Your script will exit if it does not stay up for at least 1000ms
[32minfo[39m:    Forever processing file: [90m/home/zwebnode/nodejs/radio-server/app.js[39m
[32minfo[39m:    Forever stopped process:
[90mdata[39m:    [37m   [39m [37muid[39m  [90mcommand[39m       [90mscript[39m                                    [37mforever[39m [37mpid[39m  [35mlogfile[39m                          [33muptime[39m        
[0] z2gF [90m/usr/bin/node[39m [90m/home/zwebnode/nodejs/radio-server/app.js[39m 6683    6686 [35m/home/zwebnode/.forever/z2gF.log[39m [33m1:0:39:32.492[39m 
[33mwarn[39m:    --minUptime not set. Defaulting to: 1000ms
[33mwarn[39m:    --spinSleepTime not set. Your script will exit if it does not stay up for at least 1000ms
[32minfo[39m:    Forever processing file: [90m/home/zwebnode/nodejs/radio-server/app.js[39m
[32minfo[39m:    Forever stopped process:
[90mdata[39m:    [37m   [39m [37muid[39m  [90mcommand[39m       [90mscript[39m                                    [37mforever[39m [37mpid[39m   [35mlogfile[39m                          [33muptime[39m       
[0] NdYI [90m/usr/bin/node[39m [90m/home/zwebnode/nodejs/radio-server/app.js[39m 24012   24014 [35m/home/zwebnode/.forever/NdYI.log[39m [33m0:0:7:18.911[39m 
[33mwarn[39m:    --minUptime not set. Defaulting to: 1000ms
[33mwarn[39m:    --spinSleepTime not set. Your script will exit if it does not stay up for at least 1000ms
[32minfo[39m:    Forever processing file: [90m/home/zwebnode/nodejs/radio-server/app.js[39m
[32minfo[39m:    Forever stopped process:
[90mdata[39m:    [37m   [39m [37muid[39m  [90mcommand[39m       [90mscript[39m                                    [37mforever[39m [37mpid[39m   [35mlogfile[39m                          [33muptime[39m        
[0] itSv [90m/usr/bin/node[39m [90m/home/zwebnode/nodejs/radio-server/app.js[39m 24324   24326 [35m/home/zwebnode/.forever/itSv.log[39m [33m0:0:24:48.167[39m 
[32minfo[39m:    Forever stopped process:
[90mdata[39m:    [37m   [39m [37muid[39m  [90mcommand[39m       [90mscript[39m                                    [37mforever[39m [37mpid[39m   [35mlogfile[39m                          [33muptime[39m       
[0] upev [90m/usr/bin/node[39m [90m/home/zwebnode/nodejs/radio-server/app.js[39m 25232   25239 [35m/home/zwebnode/.forever/upev.log[39m [33m0:1:35:0.327[39m 
[33mwarn[39m:    --minUptime not set. Defaulting to: 1000ms
[33mwarn[39m:    --spinSleepTime not set. Your script will exit if it does not stay up for at least 1000ms
[32minfo[39m:    Forever processing file: [90m/home/zwebnode/nodejs/radio-server/app.js[39m
[33mwarn[39m:    --minUptime not set. Defaulting to: 1000ms
[33mwarn[39m:    --spinSleepTime not set. Your script will exit if it does not stay up for at least 1000ms
[32minfo[39m:    Forever processing file: [90m/home/zwebnode/nodejs/radio-server/app.js[39m
[32minfo[39m:    Forever stopped process:
[90mdata[39m:    [37m   [39m [37muid[39m  [90mcommand[39m       [90mscript[39m                                    [37mforever[39m [37mpid[39m   [35mlogfile[39m                          [33muptime[39m        
[0] MKtU [90m/usr/bin/node[39m [90m/home/zwebnode/nodejs/radio-server/app.js[39m 28592   28594 [35m/home/zwebnode/.forever/MKtU.log[39m [33m0:0:56:21.452[39m 
[32minfo[39m:    Forever stopped process:
[90mdata[39m:    [37m   [39m [37muid[39m  [90mcommand[39m       [90mscript[39m                                    [37mforever[39m [37mpid[39m   [35mlogfile[39m                          [33muptime[39m         
[0] dalT [90m/usr/bin/node[39m [90m/home/zwebnode/nodejs/radio-server/app.js[39m 30634   30636 [35m/home/zwebnode/.forever/dalT.log[39m [33m4:18:10:28.282[39m 
[33mwarn[39m:    --minUptime not set. Defaulting to: 1000ms
[33mwarn[39m:    --spinSleepTime not set. Your script will exit if it does not stay up for at least 1000ms
[32minfo[39m:    Forever processing file: [90m/home/zwebnode/nodejs/radio-server/app.js[39m
[33mwarn[39m:    --minUptime not set. Defaulting to: 1000ms
[33mwarn[39m:    --spinSleepTime not set. Your script will exit if it does not stay up for at least 1000ms
[32minfo[39m:    Forever processing file: [90m/home/zwebnode/nodejs/radio-server/app.js[39m
[32minfo[39m:    Forever stopped process:
[90mdata[39m:    [37m   [39m [37muid[39m  [90mcommand[39m       [90mscript[39m                                    [37mforever[39m [37mpid[39m  [35mlogfile[39m                          [33muptime[39m        
[0] r8H0 [90m/usr/bin/node[39m [90m/home/zwebnode/nodejs/radio-server/app.js[39m 4295    4297 [35m/home/zwebnode/.forever/r8H0.log[39m [33m0:1:49:12.910[39m 
[32minfo[39m:    Forever stopped process:
[90mdata[39m:    [37m   [39m [37muid[39m  [90mcommand[39m       [90mscript[39m                                    [37mforever[39m [37mpid[39m  [35mlogfile[39m                          [33muptime[39m       
[0] dTz2 [90m/usr/bin/node[39m [90m/home/zwebnode/nodejs/radio-server/app.js[39m 8053    8056 [35m/home/zwebnode/.forever/dTz2.log[39m [33m0:0:0:11.258[39m 
[33mwarn[39m:    --minUptime not set. Defaulting to: 1000ms
[33mwarn[39m:    --spinSleepTime not set. Your script will exit if it does not stay up for at least 1000ms
[32minfo[39m:    Forever processing file: [90m/home/zwebnode/nodejs/radio-server/app.js[39m
[32minfo[39m:    Forever stopped process:
[90mdata[39m:    [37m   [39m [37muid[39m  [90mcommand[39m       [90mscript[39m                                    [37mforever[39m [37mpid[39m  [35mlogfile[39m                          [33muptime[39m       
[0] xVWq [90m/usr/bin/node[39m [90m/home/zwebnode/nodejs/radio-server/app.js[39m 8114    8116 [35m/home/zwebnode/.forever/xVWq.log[39m [33m0:0:3:54.406[39m 
[33mwarn[39m:    --minUptime not set. Defaulting to: 1000ms
[33mwarn[39m:    --spinSleepTime not set. Your script will exit if it does not stay up for at least 1000ms
[32minfo[39m:    Forever processing file: [90m/home/zwebnode/nodejs/radio-server/app.js[39m
[32minfo[39m:    Forever stopped process:
[90mdata[39m:    [37m   [39m [37muid[39m  [90mcommand[39m       [90mscript[39m                                    [37mforever[39m [37mpid[39m  [35mlogfile[39m                          [33muptime[39m         
[0] qnwG [90m/usr/bin/node[39m [90m/home/zwebnode/nodejs/radio-server/app.js[39m 9160    9162 [35m/home/zwebnode/.forever/qnwG.log[39m [33m8:19:45:44.478[39m 
[33mwarn[39m:    --minUptime not set. Defaulting to: 1000ms
[33mwarn[39m:    --spinSleepTime not set. Your script will exit if it does not stay up for at least 1000ms
[32minfo[39m:    Forever processing file: [90m/home/zwebnode/nodejs/radio-server/app.js[39m
[32minfo[39m:    Forever stopped process:
[90mdata[39m:    [37m   [39m [37muid[39m  [90mcommand[39m       [90mscript[39m                                    [37mforever[39m [37mpid[39m   [35mlogfile[39m                          [33muptime[39m        
[0] 5QH1 [90m/usr/bin/node[39m [90m/home/zwebnode/nodejs/radio-server/app.js[39m 14585   14587 [35m/home/zwebnode/.forever/5QH1.log[39m [33m0:0:13:49.363[39m 
[33mwarn[39m:    --minUptime not set. Defaulting to: 1000ms
[33mwarn[39m:    --spinSleepTime not set. Your script will exit if it does not stay up for at least 1000ms
[32minfo[39m:    Forever processing file: [90m/home/zwebnode/nodejs/radio-server/app.js[39m
[33mwarn[39m:    --minUptime not set. Defaulting to: 1000ms
[33mwarn[39m:    --spinSleepTime not set. Your script will exit if it does not stay up for at least 1000ms
[32minfo[39m:    Forever processing file: [90m/home/zwebnode/nodejs/radio-server/app.js[39m
[32minfo[39m:    Forever stopped process:
[90mdata[39m:    [37m   [39m [37muid[39m  [90mcommand[39m       [90mscript[39m                                    [37mforever[39m [37mpid[39m   [35mlogfile[39m                          [33muptime[39m       
[0] UBRV [90m/usr/bin/node[39m [90m/home/zwebnode/nodejs/radio-server/app.js[39m 15187   15189 [35m/home/zwebnode/.forever/UBRV.log[39m [33m0:0:9:57.684[39m 
[33mwarn[39m:    --minUptime not set. Defaulting to: 1000ms
[33mwarn[39m:    --spinSleepTime not set. Your script will exit if it does not stay up for at least 1000ms
[32minfo[39m:    Forever processing file: [90m/home/zwebnode/nodejs/radio-server/app.js[39m
[32minfo[39m:    Forever stopped process:
[90mdata[39m:    [37m   [39m [37muid[39m  [90mcommand[39m       [90mscript[39m                                    [37mforever[39m [37mpid[39m   [35mlogfile[39m                          [33muptime[39m      
[0] 0AFV [90m/usr/bin/node[39m [90m/home/zwebnode/nodejs/radio-server/app.js[39m 15585   15587 [35m/home/zwebnode/.forever/0AFV.log[39m [33m0:0:4:8.986[39m 
[33mwarn[39m:    --minUptime not set. Defaulting to: 1000ms
[33mwarn[39m:    --spinSleepTime not set. Your script will exit if it does not stay up for at least 1000ms
[32minfo[39m:    Forever processing file: [90m/home/zwebnode/nodejs/radio-server/app.js[39m
[32minfo[39m:    Forever stopped process:
[90mdata[39m:    [37m   [39m [37muid[39m  [90mcommand[39m       [90mscript[39m                                    [37mforever[39m [37mpid[39m   [35mlogfile[39m                          [33muptime[39m       
[0] 1cIN [90m/usr/bin/node[39m [90m/home/zwebnode/nodejs/radio-server/app.js[39m 15777   15779 [35m/home/zwebnode/.forever/1cIN.log[39m [33m0:0:6:18.168[39m 
[33mwarn[39m:    --minUptime not set. Defaulting to: 1000ms
[33mwarn[39m:    --spinSleepTime not set. Your script will exit if it does not stay up for at least 1000ms
[32minfo[39m:    Forever processing file: [90m/home/zwebnode/nodejs/radio-server/app.js[39m
[32minfo[39m:    Forever stopped process:
[90mdata[39m:    [37m   [39m [37muid[39m  [90mcommand[39m       [90mscript[39m                                    [37mforever[39m [37mpid[39m   [35mlogfile[39m                          [33muptime[39m      
[0] Pyhd [90m/usr/bin/node[39m [90m/home/zwebnode/nodejs/radio-server/app.js[39m 16083   16085 [35m/home/zwebnode/.forever/Pyhd.log[39m [33m0:0:3:0.254[39m 
[32minfo[39m:    Forever stopped process:
[90mdata[39m:    [37m   [39m [37muid[39m  [90mcommand[39m       [90mscript[39m                                    [37mforever[39m [37mpid[39m   [35mlogfile[39m                          [33muptime[39m        
[0] f6iv [90m/usr/bin/node[39m [90m/home/zwebnode/nodejs/radio-server/app.js[39m 16246   16248 [35m/home/zwebnode/.forever/f6iv.log[39m [33m0:0:11:35.808[39m 
[33mwarn[39m:    --minUptime not set. Defaulting to: 1000ms
[33mwarn[39m:    --spinSleepTime not set. Your script will exit if it does not stay up for at least 1000ms
[32minfo[39m:    Forever processing file: [90m/home/zwebnode/nodejs/radio-server/app.js[39m
[33mwarn[39m:    --minUptime not set. Defaulting to: 1000ms
[33mwarn[39m:    --spinSleepTime not set. Your script will exit if it does not stay up for at least 1000ms
[32minfo[39m:    Forever processing file: [90m/home/zwebnode/nodejs/radio-server/app.js[39m
[32minfo[39m:    Forever stopped process:
[90mdata[39m:    [37m   [39m [37muid[39m  [90mcommand[39m       [90mscript[39m                                    [37mforever[39m [37mpid[39m   [35mlogfile[39m                          [33muptime[39m       
[0] xQKt [90m/usr/bin/node[39m [90m/home/zwebnode/nodejs/radio-server/app.js[39m 16687   16689 [35m/home/zwebnode/.forever/xQKt.log[39m [33m0:0:8:32.835[39m 
[33mwarn[39m:    --minUptime not set. Defaulting to: 1000ms
[32minfo[39m:    Forever stopped process:
[33mwarn[39m:    --spinSleepTime not set. Your script will exit if it does not stay up for at least 1000ms
[90mdata[39m:    [37m   [39m [37muid[39m  [90mcommand[39m       [90mscript[39m                                    [37mforever[39m [37mpid[39m   [35mlogfile[39m                          [33muptime[39m       
[0] NcDw [90m/usr/bin/node[39m [90m/home/zwebnode/nodejs/radio-server/app.js[39m 17060   17062 [35m/home/zwebnode/.forever/NcDw.log[39m [33m0:0:2:55.599[39m 
[32minfo[39m:    Forever processing file: [90m/home/zwebnode/nodejs/radio-server/app.js[39m
[33mwarn[39m:    --minUptime not set. Defaulting to: 1000ms
[33mwarn[39m:    --spinSleepTime not set. Your script will exit if it does not stay up for at least 1000ms
[32minfo[39m:    Forever processing file: [90m/home/zwebnode/nodejs/radio-server/app.js[39m
[32minfo[39m:    Forever stopped process:
[90mdata[39m:    [37m   [39m [37muid[39m  [90mcommand[39m       [90mscript[39m                                    [37mforever[39m [37mpid[39m   [35mlogfile[39m                          [33muptime[39m       
[0] ahTz [90m/usr/bin/node[39m [90m/home/zwebnode/nodejs/radio-server/app.js[39m 17215   17217 [35m/home/zwebnode/.forever/ahTz.log[39m [33m0:0:1:34.367[39m 
[32minfo[39m:    Forever stopped process:
[90mdata[39m:    [37m   [39m [37muid[39m  [90mcommand[39m       [90mscript[39m                                    [37mforever[39m [37mpid[39m   [35mlogfile[39m                          [33muptime[39m       
[0] tT2o [90m/usr/bin/node[39m [90m/home/zwebnode/nodejs/radio-server/app.js[39m 17322   17324 [35m/home/zwebnode/.forever/tT2o.log[39m [33m0:0:2:12.473[39m 
[33mwarn[39m:    --minUptime not set. Defaulting to: 1000ms
[33mwarn[39m:    --spinSleepTime not set. Your script will exit if it does not stay up for at least 1000ms
[32minfo[39m:    Forever processing file: [90m/home/zwebnode/nodejs/radio-server/app.js[39m
[32minfo[39m:    Forever stopped process:
[90mdata[39m:    [37m   [39m [37muid[39m  [90mcommand[39m       [90mscript[39m                                    [37mforever[39m [37mpid[39m   [35mlogfile[39m                          [33muptime[39m        
[0] Lyis [90m/usr/bin/node[39m [90m/home/zwebnode/nodejs/radio-server/app.js[39m 17449   17451 [35m/home/zwebnode/.forever/Lyis.log[39m [33m0:0:10:27.165[39m 
[33mwarn[39m:    --minUptime not set. Defaulting to: 1000ms
[33mwarn[39m:    --spinSleepTime not set. Your script will exit if it does not stay up for at least 1000ms
[32minfo[39m:    Forever processing file: [90m/home/zwebnode/nodejs/radio-server/app.js[39m
[32minfo[39m:    Forever stopped process:
[90mdata[39m:    [37m   [39m [37muid[39m  [90mcommand[39m       [90mscript[39m                                    [37mforever[39m [37mpid[39m   [35mlogfile[39m                          [33muptime[39m       
[0] ALyp [90m/usr/bin/node[39m [90m/home/zwebnode/nodejs/radio-server/app.js[39m 17887   17889 [35m/home/zwebnode/.forever/ALyp.log[39m [33m0:0:0:40.356[39m 
[33mwarn[39m:    --minUptime not set. Defaulting to: 1000ms
[33mwarn[39m:    --spinSleepTime not set. Your script will exit if it does not stay up for at least 1000ms
[32minfo[39m:    Forever processing file: [90m/home/zwebnode/nodejs/radio-server/app.js[39m
[33mwarn[39m:    --minUptime not set. Defaulting to: 1000ms
[33mwarn[39m:    --spinSleepTime not set. Your script will exit if it does not stay up for at least 1000ms
[32minfo[39m:    Forever processing file: [90m/home/zwebnode/nodejs/radio-server/app.js[39m
[32minfo[39m:    Forever stopped process:
[90mdata[39m:    [37m   [39m [37muid[39m  [90mcommand[39m       [90mscript[39m                                    [37mforever[39m [37mpid[39m   [35mlogfile[39m                          [33muptime[39m        
[0] P2lc [90m/usr/bin/node[39m [90m/home/zwebnode/nodejs/radio-server/app.js[39m 17984   17986 [35m/home/zwebnode/.forever/P2lc.log[39m [33m0:0:13:47.233[39m 
[32minfo[39m:    Forever stopped process:
[90mdata[39m:    [37m   [39m [37muid[39m  [90mcommand[39m       [90mscript[39m                                    [37mforever[39m [37mpid[39m   [35mlogfile[39m                          [33muptime[39m      
[0] wOvx [90m/usr/bin/node[39m [90m/home/zwebnode/nodejs/radio-server/app.js[39m 18480   18482 [35m/home/zwebnode/.forever/wOvx.log[39m [33m0:0:9:0.645[39m 
[33mwarn[39m:    --minUptime not set. Defaulting to: 1000ms
[33mwarn[39m:    --spinSleepTime not set. Your script will exit if it does not stay up for at least 1000ms
[32minfo[39m:    Forever processing file: [90m/home/zwebnode/nodejs/radio-server/app.js[39m
[33mwarn[39m:    --minUptime not set. Defaulting to: 1000ms
[33mwarn[39m:    --spinSleepTime not set. Your script will exit if it does not stay up for at least 1000ms
[32minfo[39m:    Forever processing file: [90m/home/zwebnode/nodejs/radio-server/app.js[39m
[33mwarn[39m:    --minUptime not set. Defaulting to: 1000ms
[33mwarn[39m:    --spinSleepTime not set. Your script will exit if it does not stay up for at least 1000ms
[32minfo[39m:    Forever processing file: [90m/home/zwebnode/nodejs/radio-server/app.js[39m
[33mwarn[39m:    --minUptime not set. Defaulting to: 1000ms
[33mwarn[39m:    --spinSleepTime not set. Your script will exit if it does not stay up for at least 1000ms
[32minfo[39m:    Forever processing file: [90m/home/zwebnode/nodejs/radio-server/app.js[39m
[33mwarn[39m:    --minUptime not set. Defaulting to: 1000ms
[33mwarn[39m:    --spinSleepTime not set. Your script will exit if it does not stay up for at least 1000ms
[32minfo[39m:    Forever processing file: [90m/home/zwebnode/nodejs/radio-server/app.js[39m
[33mwarn[39m:    --minUptime not set. Defaulting to: 1000ms
[33mwarn[39m:    --spinSleepTime not set. Your script will exit if it does not stay up for at least 1000ms
[32minfo[39m:    Forever processing file: [90m/home/zwebnode/nodejs/radio-server/app.js[39m
[33mwarn[39m:    --minUptime not set. Defaulting to: 1000ms
[33mwarn[39m:    --spinSleepTime not set. Your script will exit if it does not stay up for at least 1000ms
[32minfo[39m:    Forever processing file: [90m/home/zwebnode/nodejs/radio-server/app.js[39m
[33mwarn[39m:    --minUptime not set. Defaulting to: 1000ms
[33mwarn[39m:    --spinSleepTime not set. Your script will exit if it does not stay up for at least 1000ms
[32minfo[39m:    Forever processing file: [90m/home/zwebnode/nodejs/radio-server/app.js[39m
[32minfo[39m:    Forever stopped process:
[90mdata[39m:    [37m   [39m [37muid[39m  [90mcommand[39m       [90mscript[39m                                    [37mforever[39m [37mpid[39m   [35mlogfile[39m                          [33muptime[39m         
[0] 2gOm [90m/usr/bin/node[39m [90m/home/zwebnode/nodejs/radio-server/app.js[39m 26350   26352 [35m/home/zwebnode/.forever/2gOm.log[39m [33m9:20:56:33.730[39m 
[33mwarn[39m:    --minUptime not set. Defaulting to: 1000ms
[33mwarn[39m:    --spinSleepTime not set. Your script will exit if it does not stay up for at least 1000ms
[32minfo[39m:    Forever processing file: [90m/home/zwebnode/nodejs/radio-server/app.js[39m
